2021-08-03 18:20:00,024 tasks            sendcoin     SENDCOIN STARTED
2021-08-03 18:22:10,531 tasks            sendcoin     SENDCOIN ENDED
2021-08-03 18:22:10,531 tasks            sendcoin     COIN STARTED
2021-08-03 18:31:09,048 tasks            sendcoin     COIN ENDED
2021-08-03 19:20:00,084 tasks            sendcoin     SENDCOIN STARTED
2021-08-03 19:22:29,499 tasks            sendcoin     SENDCOIN ENDED
2021-08-03 19:22:29,503 tasks            sendcoin     COIN STARTED
2021-08-03 19:34:52,791 tasks            sendcoin     COIN ENDED
2021-08-03 20:20:00,009 tasks            sendcoin     SENDCOIN STARTED
2021-08-03 20:22:21,144 tasks            sendcoin     SENDCOIN ENDED
2021-08-03 20:22:21,146 tasks            sendcoin     COIN STARTED
2021-08-03 20:34:17,691 tasks            sendcoin     COIN ENDED
2021-08-03 21:20:00,007 tasks            sendcoin     SENDCOIN STARTED
2021-08-03 21:22:14,908 tasks            sendcoin     SENDCOIN ENDED
2021-08-03 21:22:14,909 tasks            sendcoin     COIN STARTED
2021-08-03 21:34:48,759 tasks            sendcoin     COIN ENDED
2021-08-03 22:20:00,080 tasks            sendcoin     SENDCOIN STARTED
2021-08-03 22:22:18,993 tasks            sendcoin     SENDCOIN ENDED
2021-08-03 22:22:18,996 tasks            sendcoin     COIN STARTED
2021-08-03 22:34:50,812 tasks            sendcoin     COIN ENDED
2021-08-04 00:20:00,079 tasks            sendcoin     SENDCOIN STARTED
2021-08-04 00:22:23,165 tasks            sendcoin     SENDCOIN ENDED
2021-08-04 00:22:23,167 tasks            sendcoin     COIN STARTED
2021-08-04 00:34:55,728 tasks            sendcoin     COIN ENDED
2021-08-04 01:20:00,054 tasks            sendcoin     SENDCOIN STARTED
2021-08-04 01:22:26,561 tasks            sendcoin     SENDCOIN ENDED
2021-08-04 01:22:26,561 tasks            sendcoin     COIN STARTED
2021-08-04 01:35:01,893 tasks            sendcoin     COIN ENDED
2021-08-04 02:20:00,094 tasks            sendcoin     SENDCOIN STARTED
2021-08-04 02:22:25,179 tasks            sendcoin     SENDCOIN ENDED
2021-08-04 02:22:25,179 tasks            sendcoin     COIN STARTED
2021-08-04 02:34:53,572 tasks            sendcoin     COIN ENDED
2021-08-04 03:20:00,057 tasks            sendcoin     SENDCOIN STARTED
2021-08-04 03:22:20,651 tasks            sendcoin     SENDCOIN ENDED
2021-08-04 03:22:20,651 tasks            sendcoin     COIN STARTED
2021-08-04 03:34:54,739 tasks            sendcoin     COIN ENDED
2021-08-04 04:20:00,083 tasks            sendcoin     SENDCOIN STARTED
2021-08-04 04:22:20,535 tasks            sendcoin     SENDCOIN ENDED
2021-08-04 04:22:20,536 tasks            sendcoin     COIN STARTED
2021-08-04 04:34:53,557 tasks            sendcoin     COIN ENDED
2021-08-04 05:20:00,049 tasks            sendcoin     SENDCOIN STARTED
2021-08-04 05:22:26,540 tasks            sendcoin     SENDCOIN ENDED
2021-08-04 05:22:26,541 tasks            sendcoin     COIN STARTED
2021-08-04 05:35:05,469 tasks            sendcoin     COIN ENDED
2021-08-04 06:20:00,039 tasks            sendcoin     SENDCOIN STARTED
2021-08-04 06:22:31,564 tasks            sendcoin     SENDCOIN ENDED
2021-08-04 06:22:31,564 tasks            sendcoin     COIN STARTED
2021-08-04 06:35:03,316 tasks            sendcoin     COIN ENDED
2021-08-04 07:20:00,096 tasks            sendcoin     SENDCOIN STARTED
2021-08-04 07:22:24,046 tasks            sendcoin     SENDCOIN ENDED
2021-08-04 07:22:24,047 tasks            sendcoin     COIN STARTED
2021-08-04 07:35:20,458 tasks            sendcoin     COIN ENDED
2021-08-04 08:20:00,170 tasks            sendcoin     SENDCOIN STARTED
2021-08-04 08:22:36,485 tasks            sendcoin     SENDCOIN ENDED
2021-08-04 08:22:36,487 tasks            sendcoin     COIN STARTED
2021-08-04 08:35:21,279 tasks            sendcoin     COIN ENDED
2021-08-04 09:20:00,094 tasks            sendcoin     SENDCOIN STARTED
2021-08-04 09:50:35,311 celery.worker.request on_failure   Task handler raised error: WorkerLostError('Worker exited prematurely: signal 15 (SIGTERM) Job: 11.')
Traceback (most recent call last):
  File "/home/kleikoks/projects/amino_scripts/venv/lib/python3.8/site-packages/celery/worker/worker.py", line 203, in start
    self.blueprint.start(self)
  File "/home/kleikoks/projects/amino_scripts/venv/lib/python3.8/site-packages/celery/bootsteps.py", line 116, in start
    step.start(parent)
  File "/home/kleikoks/projects/amino_scripts/venv/lib/python3.8/site-packages/celery/bootsteps.py", line 365, in start
    return self.obj.start()
  File "/home/kleikoks/projects/amino_scripts/venv/lib/python3.8/site-packages/celery/worker/consumer/consumer.py", line 326, in start
    blueprint.start(self)
  File "/home/kleikoks/projects/amino_scripts/venv/lib/python3.8/site-packages/celery/bootsteps.py", line 116, in start
    step.start(parent)
  File "/home/kleikoks/projects/amino_scripts/venv/lib/python3.8/site-packages/celery/worker/consumer/consumer.py", line 618, in start
    c.loop(*c.loop_args())
  File "/home/kleikoks/projects/amino_scripts/venv/lib/python3.8/site-packages/celery/worker/loops.py", line 81, in asynloop
    next(loop)
  File "/home/kleikoks/projects/amino_scripts/venv/lib/python3.8/site-packages/kombu/asynchronous/hub.py", line 305, in create_loop
    events = poll(poll_timeout)
  File "/home/kleikoks/projects/amino_scripts/venv/lib/python3.8/site-packages/kombu/utils/eventio.py", line 82, in poll
    return self._epoll.poll(timeout if timeout is not None else -1)
  File "/home/kleikoks/projects/amino_scripts/venv/lib/python3.8/site-packages/celery/apps/worker.py", line 299, in _handle_request
    raise exc(exitcode)
celery.exceptions.WorkerShutdown: 0

During handling of the above exception, another exception occurred:

Traceback (most recent call last):
  File "/home/kleikoks/projects/amino_scripts/venv/lib/python3.8/site-packages/billiard/pool.py", line 1265, in mark_as_worker_lost
    raise WorkerLostError(
billiard.exceptions.WorkerLostError: Worker exited prematurely: signal 15 (SIGTERM) Job: 11.
